#
# There is insufficient memory for the Java Runtime Environment to continue.
# Native memory allocation (malloc) failed to allocate 32744 bytes for ChunkPool::allocate
# Possible reasons:
#   The system is out of physical RAM or swap space
#   The process is running with CompressedOops enabled, and the Java Heap may be blocking the growth of the native heap
# Possible solutions:
#   Reduce memory load on the system
#   Increase physical memory or swap space
#   Check if swap backing store is full
#   Decrease Java heap size (-Xmx/-Xms)
#   Decrease number of Java threads
#   Decrease Java thread stack sizes (-Xss)
#   Set larger code cache with -XX:ReservedCodeCacheSize=
#   JVM is running with Unscaled Compressed Oops mode in which the Java heap is
#     placed in the first 4GB address space. The Java Heap base address is the
#     maximum limit for the native heap growth. Please use -XX:HeapBaseMinAddress
#     to set the Java Heap base and to place the Java Heap above 4GB virtual address.
# This output file may be truncated or incomplete.
#
#  Out of Memory Error (allocation.cpp:272), pid=5544, tid=0x0000000000002b0c
#
# JRE version: Java(TM) SE Runtime Environment (8.0_241-b07) (build 1.8.0_241-b07)
# Java VM: Java HotSpot(TM) 64-Bit Server VM (25.241-b07 mixed mode windows-amd64 compressed oops)
# Failed to write core dump. Minidumps are not enabled by default on client versions of Windows
#

---------------  T H R E A D  ---------------

Current thread (0x0000000019ebc800):  JavaThread "C2 CompilerThread2" daemon [_thread_in_native, id=11020, stack(0x000000001a980000,0x000000001aa80000)]

Stack: [0x000000001a980000,0x000000001aa80000]
[error occurred during error reporting (printing stack bounds), id 0xc0000005]

Native frames: (J=compiled Java code, j=interpreted, Vv=VM code, C=native code)


Current CompileTask:
C2:   1239 1496       4       java.net.URLClassLoader$1::run (5 bytes)


---------------  P R O C E S S  ---------------

Java Threads: ( => current thread )
  0x0000000019f55800 JavaThread "Service Thread" daemon [_thread_blocked, id=4852, stack(0x000000001ab80000,0x000000001ac80000)]
  0x0000000019ec8800 JavaThread "C1 CompilerThread3" daemon [_thread_in_native, id=7916, stack(0x000000001aa80000,0x000000001ab80000)]
=>0x0000000019ebc800 JavaThread "C2 CompilerThread2" daemon [_thread_in_native, id=11020, stack(0x000000001a980000,0x000000001aa80000)]
  0x0000000019eba800 JavaThread "C2 CompilerThread1" daemon [_thread_in_native, id=7820, stack(0x000000001a880000,0x000000001a980000)]
  0x0000000019eb4800 JavaThread "C2 CompilerThread0" daemon [_thread_blocked, id=11240, stack(0x000000001a780000,0x000000001a880000)]
  0x0000000019eb3000 JavaThread "Attach Listener" daemon [_thread_blocked, id=1476, stack(0x000000001a680000,0x000000001a780000)]
  0x0000000019eb1000 JavaThread "Signal Dispatcher" daemon [_thread_blocked, id=8048, stack(0x000000001a580000,0x000000001a680000)]
  0x000000000310a000 JavaThread "Finalizer" daemon [_thread_blocked, id=1812, stack(0x000000001a380000,0x000000001a480000)]
  0x0000000019ea0800 JavaThread "Reference Handler" daemon [_thread_blocked, id=3888, stack(0x000000001a280000,0x000000001a380000)]
  0x000000000300e800 JavaThread "main" [_thread_in_vm, id=7972, stack(0x0000000002ee0000,0x0000000002fe0000)]

Other Threads:
  0x0000000018098800 VMThread [stack: 0x0000000019d80000,0x0000000019e80000] [id=8980]
  0x0000000019f68000 WatcherThread [stack: 0x000000001ac80000,0x000000001ad80000] [id=12248]

VM state:not at safepoint (normal execution)

VM Mutex/Monitor currently owned by a thread:  ([mutex/lock_event])
[0x000000000300e020] CodeCache_lock - owner thread: 0x0000000019ec8800
[0x00000000030122e0] Compile_lock - owner thread: 0x0000000000000000

heap address: 0x0000000081a00000, size: 2022 MB, Compressed Oops mode: 32-bit
Narrow klass base: 0x0000000000000000, Narrow klass shift: 3
Compressed class space size: 1073741824 Address: 0x0000000100000000

Heap:
 PSYoungGen      total 38400K, used 24419K [0x00000000d5e00000, 0x00000000da900000, 0x0000000100000000)
  eden space 33280K, 58% used [0x00000000d5e00000,0x00000000d70dee30,0x00000000d7e80000)
  from space 5120K, 99% used [0x00000000d8380000,0x00000000d887a130,0x00000000d8880000)
  to   space 5120K, 0% used [0x00000000d7e80000,0x00000000d7e80000,0x00000000d8380000)
 ParOldGen       total 87552K, used 2042K [0x0000000081a00000, 0x0000000086f80000, 0x00000000d5e00000)
  object space 87552K, 2% used [0x0000000081a00000,0x0000000081bfe938,0x0000000086f80000)
 Metaspace       used 13939K, capacity 14212K, committed 14464K, reserved 1062912K
  class space    used 1731K, capacity 1844K, committed 1920K, reserved 1048576K

Card table byte_map: [0x00000000124d0000,0x00000000128d0000] byte_map_base: 0x00000000120c3000

Marking Bits: (ParMarkBitMap*) 0x0000000050aabe30
 Begin Bits: [0x0000000013380000, 0x0000000015318000)
 End Bits:   [0x0000000015318000, 0x00000000172b0000)

Polling page: 0x0000000001150000

CodeCache: size=245760Kb used=5263Kb max_used=5269Kb free=240496Kb
 bounds [0x0000000003110000, 0x0000000003640000, 0x0000000012110000]
 total_blobs=1862 nmethods=1523 adapters=250
 compilation: enabled

Compilation events (10 events):
Event: 1.218 Thread 0x0000000019ec8800 1512       3       java.util.LinkedHashMap$LinkedEntryIterator::next (5 bytes)
Event: 1.218 Thread 0x0000000019ec8800 nmethod 1512 0x00000000036282d0 code [0x0000000003628440, 0x0000000003628648]
Event: 1.219 Thread 0x0000000019ec8800 1513       3       java.lang.String::codePointAt (36 bytes)
Event: 1.219 Thread 0x0000000019ec8800 nmethod 1513 0x000000000362c590 code [0x000000000362c720, 0x000000000362c9d8]
Event: 1.219 Thread 0x0000000019ec8800 1514       3       java.lang.Character::codePointAtImpl (41 bytes)
Event: 1.220 Thread 0x0000000019ec8800 nmethod 1514 0x000000000362bd90 code [0x000000000362bf20, 0x000000000362c3b0]
Event: 1.224 Thread 0x0000000019ec8800 1515       3       java.nio.Buffer::hasRemaining (17 bytes)
Event: 1.225 Thread 0x0000000019ec8800 nmethod 1515 0x0000000003627610 code [0x0000000003627760, 0x0000000003627910]
Event: 1.225 Thread 0x0000000019eb4800 1516       4       java.nio.CharBuffer::array (35 bytes)
Event: 1.225 Thread 0x0000000019eb4800 


GC Heap History (4 events):
Event: 0.615 GC heap before
{Heap before GC invocations=1 (full 0):
 PSYoungGen      total 38400K, used 33280K [0x00000000d5e00000, 0x00000000d8880000, 0x0000000100000000)
  eden space 33280K, 100% used [0x00000000d5e00000,0x00000000d7e80000,0x00000000d7e80000)
  from space 5120K, 0% used [0x00000000d8380000,0x00000000d8380000,0x00000000d8880000)
  to   space 5120K, 0% used [0x00000000d7e80000,0x00000000d7e80000,0x00000000d8380000)
 ParOldGen       total 87552K, used 0K [0x0000000081a00000, 0x0000000086f80000, 0x00000000d5e00000)
  object space 87552K, 0% used [0x0000000081a00000,0x0000000081a00000,0x0000000086f80000)
 Metaspace       used 8284K, capacity 8412K, committed 8576K, reserved 1056768K
  class space    used 1003K, capacity 1080K, committed 1152K, reserved 1048576K
Event: 0.621 GC heap after
Heap after GC invocations=1 (full 0):
 PSYoungGen      total 38400K, used 5104K [0x00000000d5e00000, 0x00000000d8880000, 0x0000000100000000)
  eden space 33280K, 0% used [0x00000000d5e00000,0x00000000d5e00000,0x00000000d7e80000)
  from space 5120K, 99% used [0x00000000d7e80000,0x00000000d837c070,0x00000000d8380000)
  to   space 5120K, 0% used [0x00000000d8380000,0x00000000d8380000,0x00000000d8880000)
 ParOldGen       total 87552K, used 209K [0x0000000081a00000, 0x0000000086f80000, 0x00000000d5e00000)
  object space 87552K, 0% used [0x0000000081a00000,0x0000000081a34498,0x0000000086f80000)
 Metaspace       used 8284K, capacity 8412K, committed 8576K, reserved 1056768K
  class space    used 1003K, capacity 1080K, committed 1152K, reserved 1048576K
}
Event: 0.935 GC heap before
{Heap before GC invocations=2 (full 0):
 PSYoungGen      total 38400K, used 38384K [0x00000000d5e00000, 0x00000000d8880000, 0x0000000100000000)
  eden space 33280K, 100% used [0x00000000d5e00000,0x00000000d7e80000,0x00000000d7e80000)
  from space 5120K, 99% used [0x00000000d7e80000,0x00000000d837c070,0x00000000d8380000)
  to   space 5120K, 0% used [0x00000000d8380000,0x00000000d8380000,0x00000000d8880000)
 ParOldGen       total 87552K, used 209K [0x0000000081a00000, 0x0000000086f80000, 0x00000000d5e00000)
  object space 87552K, 0% used [0x0000000081a00000,0x0000000081a34498,0x0000000086f80000)
 Metaspace       used 11568K, capacity 11708K, committed 11776K, reserved 1058816K
  class space    used 1430K, capacity 1511K, committed 1536K, reserved 1048576K
Event: 0.941 GC heap after
Heap after GC invocations=2 (full 0):
 PSYoungGen      total 38400K, used 5096K [0x00000000d5e00000, 0x00000000da900000, 0x0000000100000000)
  eden space 33280K, 0% used [0x00000000d5e00000,0x00000000d5e00000,0x00000000d7e80000)
  from space 5120K, 99% used [0x00000000d8380000,0x00000000d887a130,0x00000000d8880000)
  to   space 5120K, 0% used [0x00000000d7e80000,0x00000000d7e80000,0x00000000d8380000)
 ParOldGen       total 87552K, used 2042K [0x0000000081a00000, 0x0000000086f80000, 0x00000000d5e00000)
  object space 87552K, 2% used [0x0000000081a00000,0x0000000081bfe938,0x0000000086f80000)
 Metaspace       used 11568K, capacity 11708K, committed 11776K, reserved 1058816K
  class space    used 1430K, capacity 1511K, committed 1536K, reserved 1048576K
}

Deoptimization events (6 events):
Event: 0.345 Thread 0x000000000300e800 Uncommon trap: reason=unstable_if action=reinterpret pc=0x000000000328dcd8 method=java.lang.String.indexOf([CII[CIII)I @ 3
Event: 0.605 Thread 0x000000000300e800 Uncommon trap: reason=unstable_if action=reinterpret pc=0x0000000003381800 method=java.util.HashMap.getNode(ILjava/lang/Object;)Ljava/util/HashMap$Node; @ 129
Event: 0.605 Thread 0x000000000300e800 Uncommon trap: reason=unstable_if action=reinterpret pc=0x0000000003374a38 method=java.util.HashMap.getNode(ILjava/lang/Object;)Ljava/util/HashMap$Node; @ 129
Event: 0.614 Thread 0x000000000300e800 Uncommon trap: reason=range_check action=make_not_entrant pc=0x000000000340c4e0 method=sun.reflect.generics.parser.SignatureParser.current()C @ 34
Event: 1.170 Thread 0x000000000300e800 Uncommon trap: reason=unstable_if action=reinterpret pc=0x00000000035f9750 method=org.eclipse.sisu.inject.InjectorBindings.isAssignableFrom(Lcom/google/inject/TypeLiteral;Lcom/google/inject/Binding;)Z @ 14
Event: 1.179 Thread 0x000000000300e800 Uncommon trap: reason=unstable_if action=reinterpret pc=0x00000000033cb93c method=org.codehaus.plexus.util.xml.pull.MXParser.nextImpl()I @ 269

Classes redefined (0 events):
No events

Internal exceptions (10 events):
Event: 0.614 Thread 0x000000000300e800 Exception <a 'java/lang/ArrayIndexOutOfBoundsException': 66> (0x00000000d7e6e0a8) thrown at [C:\ade\jenkins\workspace\8-2-build-windows-amd64-cygwin\jdk8u241\331\hotspot\src\share\vm\interpreter\interpreterRuntime.cpp, line 368]
Event: 1.075 Thread 0x000000000300e800 Exception <a 'java/lang/NoClassDefFoundError': com/google/inject/servlet/ServletModuleTargetVisitor> (0x00000000d6741e50) thrown at [C:\ade\jenkins\workspace\8-2-build-windows-amd64-cygwin\jdk8u241\331\hotspot\src\share\vm\classfile\systemDictionary.cpp, 
Event: 1.075 Thread 0x000000000300e800 Exception <a 'java/lang/NoClassDefFoundError'> (0x00000000d6741e50) thrown at [C:\ade\jenkins\workspace\8-2-build-windows-amd64-cygwin\jdk8u241\331\hotspot\src\share\vm\prims\jvm.cpp, line 1506]
Event: 1.075 Thread 0x000000000300e800 Exception <a 'java/lang/NoClassDefFoundError': javax/annotation/Priority> (0x00000000d6746ec0) thrown at [C:\ade\jenkins\workspace\8-2-build-windows-amd64-cygwin\jdk8u241\331\hotspot\src\share\vm\classfile\systemDictionary.cpp, line 199]
Event: 1.213 Thread 0x000000000300e800 Exception <a 'java/lang/NullPointerException'> (0x00000000d6e9a4a0) thrown at [C:\ade\jenkins\workspace\8-2-build-windows-amd64-cygwin\jdk8u241\331\hotspot\src\share\vm\interpreter\linkResolver.cpp, line 1185]
Event: 1.213 Thread 0x000000000300e800 Exception <a 'java/lang/NullPointerException'> (0x00000000d6e9a6b8) thrown at [C:\ade\jenkins\workspace\8-2-build-windows-amd64-cygwin\jdk8u241\331\hotspot\src\share\vm\interpreter\linkResolver.cpp, line 1185]
Event: 1.213 Thread 0x000000000300e800 Exception <a 'java/lang/NullPointerException'> (0x00000000d6e9a8d0) thrown at [C:\ade\jenkins\workspace\8-2-build-windows-amd64-cygwin\jdk8u241\331\hotspot\src\share\vm\interpreter\linkResolver.cpp, line 1185]
Event: 1.214 Thread 0x000000000300e800 Exception <a 'java/lang/NullPointerException'> (0x00000000d6ea2ed0) thrown at [C:\ade\jenkins\workspace\8-2-build-windows-amd64-cygwin\jdk8u241\331\hotspot\src\share\vm\interpreter\linkResolver.cpp, line 1185]
Event: 1.214 Thread 0x000000000300e800 Exception <a 'java/lang/NullPointerException'> (0x00000000d6ea30e8) thrown at [C:\ade\jenkins\workspace\8-2-build-windows-amd64-cygwin\jdk8u241\331\hotspot\src\share\vm\interpreter\linkResolver.cpp, line 1185]
Event: 1.214 Thread 0x000000000300e800 Exception <a 'java/lang/NullPointerException'> (0x00000000d6ea3300) thrown at [C:\ade\jenkins\workspace\8-2-build-windows-amd64-cygwin\jdk8u241\331\hotspot\src\share\vm\interpreter\linkResolver.cpp, line 1185]

Events (10 events):
Event: 1.230 loading class java/util/EnumSet
Event: 1.230 loading class java/util/EnumSet done
Event: 1.230 loading class java/util/RegularEnumSet
Event: 1.230 loading class java/util/RegularEnumSet done
Event: 1.230 loading class org/apache/maven/model/building/FileModelSource
Event: 1.230 loading class org/apache/maven/model/building/FileModelSource done
Event: 1.230 loading class org/apache/maven/model/building/ModelSource2
Event: 1.230 loading class org/apache/maven/model/building/ModelSource2 done
Event: 1.231 loading class org/apache/maven/model/io/xpp3/MavenXpp3ReaderEx
Event: 1.231 loading class org/apache/maven/model/io/xpp3/MavenXpp3ReaderEx done


Dynamic libraries:
0x00007ff6e93c0000 - 0x00007ff6e93f7000 	C:\Program Files\Java\jdk1.8.0_241\bin\java.exe
0x00007ffa3fcb0000 - 0x00007ffa3fea5000 	C:\WINDOWS\SYSTEM32\ntdll.dll
0x00007ffa3e5e0000 - 0x00007ffa3e69e000 	C:\WINDOWS\System32\KERNEL32.DLL
0x00007ffa3d600000 - 0x00007ffa3d8c8000 	C:\WINDOWS\System32\KERNELBASE.dll
0x00007ffa3fbc0000 - 0x00007ffa3fc6c000 	C:\WINDOWS\System32\ADVAPI32.dll
0x00007ffa3f8b0000 - 0x00007ffa3f94e000 	C:\WINDOWS\System32\msvcrt.dll
0x00007ffa3f950000 - 0x00007ffa3f9eb000 	C:\WINDOWS\System32\sechost.dll
0x00007ffa3e6a0000 - 0x00007ffa3e7ca000 	C:\WINDOWS\System32\RPCRT4.dll
0x00007ffa3deb0000 - 0x00007ffa3e051000 	C:\WINDOWS\System32\USER32.dll
0x00007ffa3d5d0000 - 0x00007ffa3d5f2000 	C:\WINDOWS\System32\win32u.dll
0x00007ffa3f330000 - 0x00007ffa3f35b000 	C:\WINDOWS\System32\GDI32.dll
0x00007ffa3d4c0000 - 0x00007ffa3d5cd000 	C:\WINDOWS\System32\gdi32full.dll
0x00007ffa3d960000 - 0x00007ffa3d9fd000 	C:\WINDOWS\System32\msvcp_win.dll
0x00007ffa3d3c0000 - 0x00007ffa3d4c0000 	C:\WINDOWS\System32\ucrtbase.dll
0x00007ffa2a0c0000 - 0x00007ffa2a35a000 	C:\WINDOWS\WinSxS\amd64_microsoft.windows.common-controls_6595b64144ccf1df_6.0.19041.1110_none_60b5254171f9507e\COMCTL32.dll
0x00007ffa3f9f0000 - 0x00007ffa3fa20000 	C:\WINDOWS\System32\IMM32.DLL
0x00000000501a0000 - 0x0000000050272000 	C:\Program Files\Java\jdk1.8.0_241\jre\bin\msvcr100.dll
0x0000000050280000 - 0x0000000050b2c000 	C:\Program Files\Java\jdk1.8.0_241\jre\bin\server\jvm.dll
0x00007ffa3dcf0000 - 0x00007ffa3dcf8000 	C:\WINDOWS\System32\PSAPI.DLL
0x00007ffa3b380000 - 0x00007ffa3b389000 	C:\WINDOWS\SYSTEM32\WSOCK32.dll
0x00007ffa36040000 - 0x00007ffa3604a000 	C:\WINDOWS\SYSTEM32\VERSION.dll
0x00007ffa2a360000 - 0x00007ffa2a387000 	C:\WINDOWS\SYSTEM32\WINMM.dll
0x00007ffa3ef50000 - 0x00007ffa3efbb000 	C:\WINDOWS\System32\WS2_32.dll
0x00007ffa36f80000 - 0x00007ffa36f8f000 	C:\Program Files\Java\jdk1.8.0_241\jre\bin\verify.dll
0x00007ffa2e410000 - 0x00007ffa2e439000 	C:\Program Files\Java\jdk1.8.0_241\jre\bin\java.dll
0x00007ffa32160000 - 0x00007ffa32176000 	C:\Program Files\Java\jdk1.8.0_241\jre\bin\zip.dll
0x00007ffa3e7f0000 - 0x00007ffa3ef34000 	C:\WINDOWS\System32\SHELL32.dll
0x00007ffa3b490000 - 0x00007ffa3bc24000 	C:\WINDOWS\SYSTEM32\windows.storage.dll
0x00007ffa3e280000 - 0x00007ffa3e5d5000 	C:\WINDOWS\System32\combase.dll
0x00007ffa3ce10000 - 0x00007ffa3ce3e000 	C:\WINDOWS\SYSTEM32\Wldp.dll
0x00007ffa3f0d0000 - 0x00007ffa3f17d000 	C:\WINDOWS\System32\SHCORE.dll
0x00007ffa3fa80000 - 0x00007ffa3fad5000 	C:\WINDOWS\System32\shlwapi.dll
0x00007ffa3d300000 - 0x00007ffa3d31f000 	C:\WINDOWS\SYSTEM32\profapi.dll
0x00007ffa386b0000 - 0x00007ffa386ba000 	C:\Program Files\NetBeans-12.0\netbeans\java\maven\lib\jansi-native\windows64\jansi.dll

VM Arguments:
jvm_args: -Dclassworlds.conf=C:\Program Files\NetBeans-12.0\netbeans\java\maven\bin\..\bin\m2.conf -Dmaven.home=C:\Program Files\NetBeans-12.0\netbeans\java\maven\bin\.. -Dlibrary.jansi.path=C:\Program Files\NetBeans-12.0\netbeans\java\maven\bin\..\lib\jansi-native -Dmaven.multiModuleProjectDirectory=D:\facultate an 3\1Incercare Clone github\ProiectIngineriaProgramelor\PosProject 
java_command: org.codehaus.plexus.classworlds.launcher.Launcher -Dnetbeans.deploy=true -Dmaven.ext.class.path=C:\Program Files\NetBeans-12.0\netbeans\java\maven-nblib\netbeans-eventspy.jar -Dfile.encoding=UTF-8 package
java_class_path (initial): C:\Program Files\NetBeans-12.0\netbeans\java\maven\bin\..\boot\plexus-classworlds-2.6.0.jar
Launcher Type: SUN_STANDARD

Environment Variables:
JAVA_HOME=C:\Program Files\Java\jdk1.8.0_241
PATH=C:\Python310\Scripts\;C:\Python310\;C:\Program Files (x86)\Embarcadero\Studio\21.0\bin;C:\Users\Public\Documents\Embarcadero\Studio\21.0\Bpl;C:\Program Files (x86)\Embarcadero\Studio\21.0\bin64;C:\Users\Public\Documents\Embarcadero\Studio\21.0\Bpl\Win64;C:\PROGRA~2\Borland\CBUILD~1\Bin;C:\PROGRA~2\Borland\CBUILD~1\Projects\Bpl;C:\Program Files (x86)\Embarcadero\Studio\20.0\bin;C:\Users\Public\Documents\Embarcadero\Studio\20.0\Bpl;C:\Program Files (x86)\Embarcadero\Studio\20.0\bin64;C:\Users\Public\Documents\Embarcadero\Studio\20.0\Bpl\Win64;C:\Program Files (x86)\Common Files\Oracle\Java\javapath;C:\Windows\system32;C:\Windows;C:\Windows\System32\Wbem;C:\Windows\System32\WindowsPowerShell\v1.0\;C:\Windows\System32\OpenSSH\;C:\Program Files\dotnet\;C:\Program Files\NVIDIA Corporation\NVIDIA NvDLISR;C:\Program Files (x86)\NVIDIA Corporation\PhysX\Common;C:\Program Files (x86)\Windows Kits\10\Windows Performance Toolkit\;C:\WINDOWS\system32;C:\WINDOWS;C:\WINDOWS\System32\Wbem;C:\WINDOWS\System32\WindowsPowerShell\v1.0\;C:\WINDOWS\System32\OpenSSH\;C:\Program Files (x86)\IVI Foundation\VISA\WinNT\Bin\;C:\Program Files\IVI Foundation\VISA\Win64\Bin\;C:\Program Files (x86)\IVI Foundation\VISA\WinNT\Bin;C:\Program Files (x86)\Microsoft SQL Server\90\Tools\binn\;C:\Program Files\nodejs\;C:\ProgramData\chocolatey\bin;C:\Program Files\Git\cmd;C:\Users\Rori\.cargo\bin;C:\Users\Rori\AppData\Local\Programs\AdoptOpenJDK\jdk-11.0.8.10-hotspot\bin;C:\Users\Rori\AppData\Local\Microsoft\WindowsApps;C:\Users\Rori\AppData\Local\Programs\Microsoft VS Code\bin;C:\Users\Rori\AppData\Local\GitHubDesktop\bin;C:\Users\Rori\Desktop\php-8.0.3-Win32-vs16-x64;D:\maven\apache-maven-3.8.3\bin;C:\Program Files\Java\jdk1.8.0_202\bin;C:\Users\Rori\.dotnet\tools;C:\Users\Rori\AppData\Roaming\npm
USERNAME=Rori
OS=Windows_NT
PROCESSOR_IDENTIFIER=Intel64 Family 6 Model 94 Stepping 3, GenuineIntel



---------------  S Y S T E M  ---------------

OS: Windows 10.0 , 64 bit Build 19041 (10.0.19041.1348)

CPU:total 8 (initial active 8) (4 cores per cpu, 2 threads per core) family 6 model 94 stepping 3, cmov, cx8, fxsr, mmx, sse, sse2, sse3, ssse3, sse4.1, sse4.2, popcnt, avx, avx2, aes, clmul, erms, rtm, 3dnowpref, lzcnt, ht, tsc, tscinvbit, bmi1, bmi2, adx

Memory: 4k page, physical 8278804k(1314012k free), swap 8278804k(260k free)

vm_info: Java HotSpot(TM) 64-Bit Server VM (25.241-b07) for windows-amd64 JRE (1.8.0_241-b07), built on Dec 11 2019 10:21:40 by "rejava" with MS VC++ 10.0 (VS2010)

time: Mon Jan 03 20:14:09 2022
timezone: GTB Standard Time
elapsed time: 1 seconds (0d 0h 0m 1s)

