#
# There is insufficient memory for the Java Runtime Environment to continue.
# Native memory allocation (malloc) failed to allocate 676160 bytes for Chunk::new
# Possible reasons:
#   The system is out of physical RAM or swap space
#   The process is running with CompressedOops enabled, and the Java Heap may be blocking the growth of the native heap
# Possible solutions:
#   Reduce memory load on the system
#   Increase physical memory or swap space
#   Check if swap backing store is full
#   Decrease Java heap size (-Xmx/-Xms)
#   Decrease number of Java threads
#   Decrease Java thread stack sizes (-Xss)
#   Set larger code cache with -XX:ReservedCodeCacheSize=
#   JVM is running with Unscaled Compressed Oops mode in which the Java heap is
#     placed in the first 4GB address space. The Java Heap base address is the
#     maximum limit for the native heap growth. Please use -XX:HeapBaseMinAddress
#     to set the Java Heap base and to place the Java Heap above 4GB virtual address.
# This output file may be truncated or incomplete.
#
#  Out of Memory Error (allocation.cpp:389), pid=7252, tid=0x0000000000000cf8
#
# JRE version: Java(TM) SE Runtime Environment (8.0_241-b07) (build 1.8.0_241-b07)
# Java VM: Java HotSpot(TM) 64-Bit Server VM (25.241-b07 mixed mode windows-amd64 compressed oops)
# Failed to write core dump. Minidumps are not enabled by default on client versions of Windows
#

---------------  T H R E A D  ---------------

Current thread (0x0000000019ad7000):  JavaThread "C2 CompilerThread0" daemon [_thread_in_native, id=3320, stack(0x000000001a3d0000,0x000000001a4d0000)]

Stack: [0x000000001a3d0000,0x000000001a4d0000]
[error occurred during error reporting (printing stack bounds), id 0xc0000005]

Native frames: (J=compiled Java code, j=interpreted, Vv=VM code, C=native code)


Current CompileTask:
C2:   2419 2424       4       org.codehaus.plexus.util.xml.Xpp3Dom::<init> (125 bytes)


---------------  P R O C E S S  ---------------

Java Threads: ( => current thread )
  0x0000000019b67000 JavaThread "Service Thread" daemon [_thread_blocked, id=9348, stack(0x000000001a7d0000,0x000000001a8d0000)]
  0x0000000019af3800 JavaThread "C1 CompilerThread3" daemon [_thread_blocked, id=1932, stack(0x000000001a6d0000,0x000000001a7d0000)]
  0x0000000019ae8000 JavaThread "C2 CompilerThread2" daemon [_thread_in_native, id=10916, stack(0x000000001a5d0000,0x000000001a6d0000)]
  0x0000000019ada000 JavaThread "C2 CompilerThread1" daemon [_thread_in_native, id=1352, stack(0x000000001a4d0000,0x000000001a5d0000)]
=>0x0000000019ad7000 JavaThread "C2 CompilerThread0" daemon [_thread_in_native, id=3320, stack(0x000000001a3d0000,0x000000001a4d0000)]
  0x0000000019ad5000 JavaThread "Attach Listener" daemon [_thread_blocked, id=9320, stack(0x000000001a2d0000,0x000000001a3d0000)]
  0x0000000019ad1000 JavaThread "Signal Dispatcher" daemon [_thread_blocked, id=3656, stack(0x000000001a1d0000,0x000000001a2d0000)]
  0x0000000019ac1000 JavaThread "Finalizer" daemon [_thread_blocked, id=11364, stack(0x0000000019fa0000,0x000000001a0a0000)]
  0x0000000002d09000 JavaThread "Reference Handler" daemon [_thread_blocked, id=2280, stack(0x0000000019ea0000,0x0000000019fa0000)]
  0x000000000135e800 JavaThread "main" [_thread_blocked, id=2956, stack(0x0000000002b10000,0x0000000002c10000)]

Other Threads:
  0x0000000017c98000 VMThread [stack: 0x00000000199a0000,0x0000000019aa0000] [id=11408]
  0x0000000019b91000 WatcherThread [stack: 0x000000001a8d0000,0x000000001a9d0000] [id=3836]

VM state:at safepoint (normal execution)

VM Mutex/Monitor currently owned by a thread:  ([mutex/lock_event])
[0x0000000002c107d0] Threads_lock - owner thread: 0x0000000017c98000
[0x0000000002c11160] Heap_lock - owner thread: 0x000000000135e800

heap address: 0x0000000081a00000, size: 2022 MB, Compressed Oops mode: 32-bit
Narrow klass base: 0x0000000000000000, Narrow klass shift: 3
Compressed class space size: 1073741824 Address: 0x0000000100000000

Heap:
 PSYoungGen      total 38400K, used 38384K [0x00000000d5e00000, 0x00000000da900000, 0x0000000100000000)
  eden space 33280K, 100% used [0x00000000d5e00000,0x00000000d7e80000,0x00000000d7e80000)
  from space 5120K, 99% used [0x00000000d7e80000,0x00000000d837c030,0x00000000d8380000)
  to   space 5120K, 82% used [0x00000000da400000,0x00000000da81c010,0x00000000da900000)
 ParOldGen       total 87552K, used 4192K [0x0000000081a00000, 0x0000000086f80000, 0x00000000d5e00000)
  object space 87552K, 4% used [0x0000000081a00000,0x0000000081e182c8,0x0000000086f80000)
 Metaspace       used 15773K, capacity 16042K, committed 16384K, reserved 1062912K
  class space    used 1877K, capacity 1982K, committed 2048K, reserved 1048576K

Card table byte_map: [0x00000000120d0000,0x00000000124d0000] byte_map_base: 0x0000000011cc3000

Marking Bits: (ParMarkBitMap*) 0x0000000050aabe30
 Begin Bits: [0x0000000012f80000, 0x0000000014f18000)
 End Bits:   [0x0000000014f18000, 0x0000000016eb0000)

Polling page: 0x0000000001260000

CodeCache: size=245760Kb used=8522Kb max_used=8522Kb free=237237Kb
 bounds [0x0000000002d10000, 0x0000000003570000, 0x0000000011d10000]
 total_blobs=2867 nmethods=2507 adapters=272
 compilation: enabled

Compilation events (10 events):
Event: 2.412 Thread 0x0000000019af3800 2508       1       org.apache.maven.model.License::getName (5 bytes)
Event: 2.412 Thread 0x0000000019af3800 nmethod 2508 0x0000000003569350 code [0x00000000035694a0, 0x00000000035695b0]
Event: 2.412 Thread 0x0000000019af3800 2509       1       org.apache.maven.model.License::getUrl (5 bytes)
Event: 2.412 Thread 0x0000000019af3800 nmethod 2509 0x0000000003569610 code [0x0000000003569760, 0x0000000003569870]
Event: 2.412 Thread 0x0000000019af3800 2510       1       org.apache.maven.model.License::getComments (5 bytes)
Event: 2.412 Thread 0x0000000019af3800 nmethod 2510 0x00000000035698d0 code [0x0000000003569a20, 0x0000000003569b30]
Event: 2.412 Thread 0x0000000019af3800 2511       1       org.apache.maven.model.License::getDistribution (5 bytes)
Event: 2.413 Thread 0x0000000019af3800 nmethod 2511 0x0000000003569b90 code [0x0000000003569ce0, 0x0000000003569df0]
Event: 2.413 Thread 0x0000000019af3800 2512       1       sun.util.locale.BaseLocale::getRegion (5 bytes)
Event: 2.413 Thread 0x0000000019af3800 nmethod 2512 0x0000000003569e50 code [0x0000000003569fa0, 0x000000000356a0b0]

GC Heap History (7 events):
Event: 0.682 GC heap before
{Heap before GC invocations=1 (full 0):
 PSYoungGen      total 38400K, used 33280K [0x00000000d5e00000, 0x00000000d8880000, 0x0000000100000000)
  eden space 33280K, 100% used [0x00000000d5e00000,0x00000000d7e80000,0x00000000d7e80000)
  from space 5120K, 0% used [0x00000000d8380000,0x00000000d8380000,0x00000000d8880000)
  to   space 5120K, 0% used [0x00000000d7e80000,0x00000000d7e80000,0x00000000d8380000)
 ParOldGen       total 87552K, used 0K [0x0000000081a00000, 0x0000000086f80000, 0x00000000d5e00000)
  object space 87552K, 0% used [0x0000000081a00000,0x0000000081a00000,0x0000000086f80000)
 Metaspace       used 8161K, capacity 8284K, committed 8576K, reserved 1056768K
  class space    used 989K, capacity 1080K, committed 1152K, reserved 1048576K
Event: 0.687 GC heap after
Heap after GC invocations=1 (full 0):
 PSYoungGen      total 38400K, used 5114K [0x00000000d5e00000, 0x00000000d8880000, 0x0000000100000000)
  eden space 33280K, 0% used [0x00000000d5e00000,0x00000000d5e00000,0x00000000d7e80000)
  from space 5120K, 99% used [0x00000000d7e80000,0x00000000d837ebd0,0x00000000d8380000)
  to   space 5120K, 0% used [0x00000000d8380000,0x00000000d8380000,0x00000000d8880000)
 ParOldGen       total 87552K, used 60K [0x0000000081a00000, 0x0000000086f80000, 0x00000000d5e00000)
  object space 87552K, 0% used [0x0000000081a00000,0x0000000081a0f1e8,0x0000000086f80000)
 Metaspace       used 8161K, capacity 8284K, committed 8576K, reserved 1056768K
  class space    used 989K, capacity 1080K, committed 1152K, reserved 1048576K
}
Event: 1.000 GC heap before
{Heap before GC invocations=2 (full 0):
 PSYoungGen      total 38400K, used 38394K [0x00000000d5e00000, 0x00000000d8880000, 0x0000000100000000)
  eden space 33280K, 100% used [0x00000000d5e00000,0x00000000d7e80000,0x00000000d7e80000)
  from space 5120K, 99% used [0x00000000d7e80000,0x00000000d837ebd0,0x00000000d8380000)
  to   space 5120K, 0% used [0x00000000d8380000,0x00000000d8380000,0x00000000d8880000)
 ParOldGen       total 87552K, used 60K [0x0000000081a00000, 0x0000000086f80000, 0x00000000d5e00000)
  object space 87552K, 0% used [0x0000000081a00000,0x0000000081a0f1e8,0x0000000086f80000)
 Metaspace       used 11453K, capacity 11644K, committed 11776K, reserved 1058816K
  class space    used 1418K, capacity 1511K, committed 1536K, reserved 1048576K
Event: 1.006 GC heap after
Heap after GC invocations=2 (full 0):
 PSYoungGen      total 38400K, used 5102K [0x00000000d5e00000, 0x00000000da900000, 0x0000000100000000)
  eden space 33280K, 0% used [0x00000000d5e00000,0x00000000d5e00000,0x00000000d7e80000)
  from space 5120K, 99% used [0x00000000d8380000,0x00000000d887b8e0,0x00000000d8880000)
  to   space 5120K, 0% used [0x00000000d7e80000,0x00000000d7e80000,0x00000000d8380000)
 ParOldGen       total 87552K, used 1780K [0x0000000081a00000, 0x0000000086f80000, 0x00000000d5e00000)
  object space 87552K, 2% used [0x0000000081a00000,0x0000000081bbd218,0x0000000086f80000)
 Metaspace       used 11453K, capacity 11644K, committed 11776K, reserved 1058816K
  class space    used 1418K, capacity 1511K, committed 1536K, reserved 1048576K
}
Event: 1.942 GC heap before
{Heap before GC invocations=3 (full 0):
 PSYoungGen      total 38400K, used 38382K [0x00000000d5e00000, 0x00000000da900000, 0x0000000100000000)
  eden space 33280K, 100% used [0x00000000d5e00000,0x00000000d7e80000,0x00000000d7e80000)
  from space 5120K, 99% used [0x00000000d8380000,0x00000000d887b8e0,0x00000000d8880000)
  to   space 5120K, 0% used [0x00000000d7e80000,0x00000000d7e80000,0x00000000d8380000)
 ParOldGen       total 87552K, used 1780K [0x0000000081a00000, 0x0000000086f80000, 0x00000000d5e00000)
  object space 87552K, 2% used [0x0000000081a00000,0x0000000081bbd218,0x0000000086f80000)
 Metaspace       used 15153K, capacity 15422K, committed 15616K, reserved 1062912K
  class space    used 1846K, capacity 1948K, committed 2048K, reserved 1048576K
Event: 1.949 GC heap after
Heap after GC invocations=3 (full 0):
 PSYoungGen      total 38400K, used 5104K [0x00000000d5e00000, 0x00000000da900000, 0x0000000100000000)
  eden space 33280K, 0% used [0x00000000d5e00000,0x00000000d5e00000,0x00000000d7e80000)
  from space 5120K, 99% used [0x00000000d7e80000,0x00000000d837c030,0x00000000d8380000)
  to   space 5120K, 0% used [0x00000000da400000,0x00000000da400000,0x00000000da900000)
 ParOldGen       total 87552K, used 4184K [0x0000000081a00000, 0x0000000086f80000, 0x00000000d5e00000)
  object space 87552K, 4% used [0x0000000081a00000,0x0000000081e162c8,0x0000000086f80000)
 Metaspace       used 15153K, capacity 15422K, committed 15616K, reserved 1062912K
  class space    used 1846K, capacity 1948K, committed 2048K, reserved 1048576K
}
Event: 2.417 GC heap before
{Heap before GC invocations=4 (full 0):
 PSYoungGen      total 38400K, used 38384K [0x00000000d5e00000, 0x00000000da900000, 0x0000000100000000)
  eden space 33280K, 100% used [0x00000000d5e00000,0x00000000d7e80000,0x00000000d7e80000)
  from space 5120K, 99% used [0x00000000d7e80000,0x00000000d837c030,0x00000000d8380000)
  to   space 5120K, 0% used [0x00000000da400000,0x00000000da400000,0x00000000da900000)
 ParOldGen       total 87552K, used 4184K [0x0000000081a00000, 0x0000000086f80000, 0x00000000d5e00000)
  object space 87552K, 4% used [0x0000000081a00000,0x0000000081e162c8,0x0000000086f80000)
 Metaspace       used 15773K, capacity 16042K, committed 16384K, reserved 1062912K
  class space    used 1877K, capacity 1982K, committed 2048K, reserved 1048576K

Deoptimization events (10 events):
Event: 2.003 Thread 0x000000000135e800 Uncommon trap: reason=speculate_class_check action=maybe_recompile pc=0x000000000334d24c method=java.nio.charset.CharsetDecoder.decode(Ljava/nio/ByteBuffer;Ljava/nio/CharBuffer;Z)Ljava/nio/charset/CoderResult; @ 57
Event: 2.003 Thread 0x000000000135e800 Uncommon trap: reason=class_check action=maybe_recompile pc=0x0000000002fbb03c method=java.nio.charset.CharsetDecoder.decode(Ljava/nio/ByteBuffer;Ljava/nio/CharBuffer;Z)Ljava/nio/charset/CoderResult; @ 57
Event: 2.003 Thread 0x000000000135e800 Uncommon trap: reason=speculate_class_check action=maybe_recompile pc=0x00000000032fc260 method=java.nio.charset.CharsetDecoder.decode(Ljava/nio/ByteBuffer;Ljava/nio/CharBuffer;Z)Ljava/nio/charset/CoderResult; @ 57
Event: 2.003 Thread 0x000000000135e800 Uncommon trap: reason=class_check action=maybe_recompile pc=0x0000000002fbb03c method=java.nio.charset.CharsetDecoder.decode(Ljava/nio/ByteBuffer;Ljava/nio/CharBuffer;Z)Ljava/nio/charset/CoderResult; @ 57
Event: 2.003 Thread 0x000000000135e800 Uncommon trap: reason=speculate_class_check action=maybe_recompile pc=0x00000000032fc260 method=java.nio.charset.CharsetDecoder.decode(Ljava/nio/ByteBuffer;Ljava/nio/CharBuffer;Z)Ljava/nio/charset/CoderResult; @ 57
Event: 2.006 Thread 0x000000000135e800 Uncommon trap: reason=unstable_if action=reinterpret pc=0x000000000338ce9c method=java.lang.String.regionMatches(ZILjava/lang/String;II)Z @ 25
Event: 2.019 Thread 0x000000000135e800 Uncommon trap: reason=unstable_if action=reinterpret pc=0x00000000030cb034 method=java.util.HashMap.hash(Ljava/lang/Object;)I @ 1
Event: 2.020 Thread 0x000000000135e800 Uncommon trap: reason=unstable_if action=reinterpret pc=0x00000000030229e8 method=java.util.HashMap.hash(Ljava/lang/Object;)I @ 1
Event: 2.020 Thread 0x000000000135e800 Uncommon trap: reason=unstable_if action=reinterpret pc=0x000000000309e3b8 method=java.util.HashMap.getNode(ILjava/lang/Object;)Ljava/util/HashMap$Node; @ 53
Event: 2.404 Thread 0x000000000135e800 Uncommon trap: reason=unstable_if action=reinterpret pc=0x000000000333b49c method=java.util.LinkedHashMap.afterNodeInsertion(Z)V @ 18

Classes redefined (0 events):
No events

Internal exceptions (10 events):
Event: 1.154 Thread 0x000000000135e800 Exception <a 'java/lang/NoClassDefFoundError': javax/annotation/Priority> (0x00000000d68376e0) thrown at [C:\ade\jenkins\workspace\8-2-build-windows-amd64-cygwin\jdk8u241\331\hotspot\src\share\vm\classfile\systemDictionary.cpp, line 199]
Event: 1.281 Thread 0x000000000135e800 Exception <a 'java/lang/NullPointerException'> (0x00000000d6f8d760) thrown at [C:\ade\jenkins\workspace\8-2-build-windows-amd64-cygwin\jdk8u241\331\hotspot\src\share\vm\interpreter\linkResolver.cpp, line 1185]
Event: 1.281 Thread 0x000000000135e800 Exception <a 'java/lang/NullPointerException'> (0x00000000d6f8d978) thrown at [C:\ade\jenkins\workspace\8-2-build-windows-amd64-cygwin\jdk8u241\331\hotspot\src\share\vm\interpreter\linkResolver.cpp, line 1185]
Event: 1.281 Thread 0x000000000135e800 Exception <a 'java/lang/NullPointerException'> (0x00000000d6f8db90) thrown at [C:\ade\jenkins\workspace\8-2-build-windows-amd64-cygwin\jdk8u241\331\hotspot\src\share\vm\interpreter\linkResolver.cpp, line 1185]
Event: 1.282 Thread 0x000000000135e800 Exception <a 'java/lang/NullPointerException'> (0x00000000d6f96190) thrown at [C:\ade\jenkins\workspace\8-2-build-windows-amd64-cygwin\jdk8u241\331\hotspot\src\share\vm\interpreter\linkResolver.cpp, line 1185]
Event: 1.282 Thread 0x000000000135e800 Exception <a 'java/lang/NullPointerException'> (0x00000000d6f963a8) thrown at [C:\ade\jenkins\workspace\8-2-build-windows-amd64-cygwin\jdk8u241\331\hotspot\src\share\vm\interpreter\linkResolver.cpp, line 1185]
Event: 1.282 Thread 0x000000000135e800 Exception <a 'java/lang/NullPointerException'> (0x00000000d6f965c0) thrown at [C:\ade\jenkins\workspace\8-2-build-windows-amd64-cygwin\jdk8u241\331\hotspot\src\share\vm\interpreter\linkResolver.cpp, line 1185]
Event: 1.956 Thread 0x000000000135e800 Implicit null exception at 0x0000000003379d18 to 0x000000000337afa1
Event: 2.018 Thread 0x000000000135e800 Implicit null exception at 0x00000000030cae55 to 0x00000000030cb025
Event: 2.020 Thread 0x000000000135e800 Implicit null exception at 0x000000000302296f to 0x00000000030229d9

Events (10 events):
Event: 2.297 loading class java/util/stream/IntStream
Event: 2.298 loading class java/util/stream/BaseStream
Event: 2.298 loading class java/util/stream/BaseStream done
Event: 2.298 loading class java/util/stream/IntStream done
Event: 2.382 loading class org/apache/maven/repository/internal/RelocatedArtifact
Event: 2.382 loading class org/apache/maven/repository/internal/RelocatedArtifact done
Event: 2.404 Thread 0x000000000135e800 Uncommon trap: trap_request=0xffffff65 fr.pc=0x000000000333b49c
Event: 2.404 Thread 0x000000000135e800 DEOPT PACKING pc=0x000000000333b49c sp=0x0000000002c0d0a0
Event: 2.404 Thread 0x000000000135e800 DEOPT UNPACKING pc=0x0000000002d5583b sp=0x0000000002c0d028 mode 2
Event: 2.417 Executing VM operation: ParallelGCFailedAllocation


Dynamic libraries:
0x00007ff6e93c0000 - 0x00007ff6e93f7000 	C:\Program Files\Java\jdk1.8.0_241\bin\java.exe
0x00007ffa3fcb0000 - 0x00007ffa3fea5000 	C:\WINDOWS\SYSTEM32\ntdll.dll
0x00007ffa3e5e0000 - 0x00007ffa3e69e000 	C:\WINDOWS\System32\KERNEL32.DLL
0x00007ffa3d600000 - 0x00007ffa3d8c8000 	C:\WINDOWS\System32\KERNELBASE.dll
0x00007ffa3fbc0000 - 0x00007ffa3fc6c000 	C:\WINDOWS\System32\ADVAPI32.dll
0x00007ffa3f8b0000 - 0x00007ffa3f94e000 	C:\WINDOWS\System32\msvcrt.dll
0x00007ffa3f950000 - 0x00007ffa3f9eb000 	C:\WINDOWS\System32\sechost.dll
0x00007ffa3e6a0000 - 0x00007ffa3e7ca000 	C:\WINDOWS\System32\RPCRT4.dll
0x00007ffa3deb0000 - 0x00007ffa3e051000 	C:\WINDOWS\System32\USER32.dll
0x00007ffa3d5d0000 - 0x00007ffa3d5f2000 	C:\WINDOWS\System32\win32u.dll
0x00007ffa3f330000 - 0x00007ffa3f35b000 	C:\WINDOWS\System32\GDI32.dll
0x00007ffa3d4c0000 - 0x00007ffa3d5cd000 	C:\WINDOWS\System32\gdi32full.dll
0x00007ffa3d960000 - 0x00007ffa3d9fd000 	C:\WINDOWS\System32\msvcp_win.dll
0x00007ffa3d3c0000 - 0x00007ffa3d4c0000 	C:\WINDOWS\System32\ucrtbase.dll
0x00007ffa2a0c0000 - 0x00007ffa2a35a000 	C:\WINDOWS\WinSxS\amd64_microsoft.windows.common-controls_6595b64144ccf1df_6.0.19041.1110_none_60b5254171f9507e\COMCTL32.dll
0x00007ffa3f9f0000 - 0x00007ffa3fa20000 	C:\WINDOWS\System32\IMM32.DLL
0x00000000501a0000 - 0x0000000050272000 	C:\Program Files\Java\jdk1.8.0_241\jre\bin\msvcr100.dll
0x0000000050280000 - 0x0000000050b2c000 	C:\Program Files\Java\jdk1.8.0_241\jre\bin\server\jvm.dll
0x00007ffa3dcf0000 - 0x00007ffa3dcf8000 	C:\WINDOWS\System32\PSAPI.DLL
0x00007ffa3b380000 - 0x00007ffa3b389000 	C:\WINDOWS\SYSTEM32\WSOCK32.dll
0x00007ffa2a360000 - 0x00007ffa2a387000 	C:\WINDOWS\SYSTEM32\WINMM.dll
0x00007ffa36040000 - 0x00007ffa3604a000 	C:\WINDOWS\SYSTEM32\VERSION.dll
0x00007ffa3ef50000 - 0x00007ffa3efbb000 	C:\WINDOWS\System32\WS2_32.dll
0x00007ffa36f80000 - 0x00007ffa36f8f000 	C:\Program Files\Java\jdk1.8.0_241\jre\bin\verify.dll
0x00007ffa2e410000 - 0x00007ffa2e439000 	C:\Program Files\Java\jdk1.8.0_241\jre\bin\java.dll
0x00007ffa32160000 - 0x00007ffa32176000 	C:\Program Files\Java\jdk1.8.0_241\jre\bin\zip.dll
0x00007ffa3e7f0000 - 0x00007ffa3ef34000 	C:\WINDOWS\System32\SHELL32.dll
0x00007ffa3b490000 - 0x00007ffa3bc24000 	C:\WINDOWS\SYSTEM32\windows.storage.dll
0x00007ffa3e280000 - 0x00007ffa3e5d5000 	C:\WINDOWS\System32\combase.dll
0x00007ffa3ce10000 - 0x00007ffa3ce3e000 	C:\WINDOWS\SYSTEM32\Wldp.dll
0x00007ffa3f0d0000 - 0x00007ffa3f17d000 	C:\WINDOWS\System32\SHCORE.dll
0x00007ffa3fa80000 - 0x00007ffa3fad5000 	C:\WINDOWS\System32\shlwapi.dll
0x00007ffa3d300000 - 0x00007ffa3d31f000 	C:\WINDOWS\SYSTEM32\profapi.dll
0x00007ffa386f0000 - 0x00007ffa386fa000 	C:\Program Files\NetBeans-12.0\netbeans\java\maven\lib\jansi-native\windows64\jansi.dll
0x00007ffa31e40000 - 0x00007ffa31e5a000 	C:\Program Files\Java\jdk1.8.0_241\jre\bin\net.dll
0x00007ffa3cb70000 - 0x00007ffa3cbda000 	C:\WINDOWS\system32\mswsock.dll
0x00007ffa1d590000 - 0x00007ffa1d5a2000 	C:\Program Files\Java\jdk1.8.0_241\jre\bin\nio.dll

VM Arguments:
jvm_args: -Dclassworlds.conf=C:\Program Files\NetBeans-12.0\netbeans\java\maven\bin\..\bin\m2.conf -Dmaven.home=C:\Program Files\NetBeans-12.0\netbeans\java\maven\bin\.. -Dlibrary.jansi.path=C:\Program Files\NetBeans-12.0\netbeans\java\maven\bin\..\lib\jansi-native -Dmaven.multiModuleProjectDirectory=D:\facultate an 3\1Incercare Clone github\ProiectIngineriaProgramelor\PosProject 
java_command: org.codehaus.plexus.classworlds.launcher.Launcher -Dnetbeans.deploy=true -Dmaven.ext.class.path=C:\Program Files\NetBeans-12.0\netbeans\java\maven-nblib\netbeans-eventspy.jar -Dfile.encoding=UTF-8 package
java_class_path (initial): C:\Program Files\NetBeans-12.0\netbeans\java\maven\bin\..\boot\plexus-classworlds-2.6.0.jar
Launcher Type: SUN_STANDARD

Environment Variables:
JAVA_HOME=C:\Program Files\Java\jdk1.8.0_241
PATH=C:\Python310\Scripts\;C:\Python310\;C:\Program Files (x86)\Embarcadero\Studio\21.0\bin;C:\Users\Public\Documents\Embarcadero\Studio\21.0\Bpl;C:\Program Files (x86)\Embarcadero\Studio\21.0\bin64;C:\Users\Public\Documents\Embarcadero\Studio\21.0\Bpl\Win64;C:\PROGRA~2\Borland\CBUILD~1\Bin;C:\PROGRA~2\Borland\CBUILD~1\Projects\Bpl;C:\Program Files (x86)\Embarcadero\Studio\20.0\bin;C:\Users\Public\Documents\Embarcadero\Studio\20.0\Bpl;C:\Program Files (x86)\Embarcadero\Studio\20.0\bin64;C:\Users\Public\Documents\Embarcadero\Studio\20.0\Bpl\Win64;C:\Program Files (x86)\Common Files\Oracle\Java\javapath;C:\Windows\system32;C:\Windows;C:\Windows\System32\Wbem;C:\Windows\System32\WindowsPowerShell\v1.0\;C:\Windows\System32\OpenSSH\;C:\Program Files\dotnet\;C:\Program Files\NVIDIA Corporation\NVIDIA NvDLISR;C:\Program Files (x86)\NVIDIA Corporation\PhysX\Common;C:\Program Files (x86)\Windows Kits\10\Windows Performance Toolkit\;C:\WINDOWS\system32;C:\WINDOWS;C:\WINDOWS\System32\Wbem;C:\WINDOWS\System32\WindowsPowerShell\v1.0\;C:\WINDOWS\System32\OpenSSH\;C:\Program Files (x86)\IVI Foundation\VISA\WinNT\Bin\;C:\Program Files\IVI Foundation\VISA\Win64\Bin\;C:\Program Files (x86)\IVI Foundation\VISA\WinNT\Bin;C:\Program Files (x86)\Microsoft SQL Server\90\Tools\binn\;C:\Program Files\nodejs\;C:\ProgramData\chocolatey\bin;C:\Program Files\Git\cmd;C:\Users\Rori\.cargo\bin;C:\Users\Rori\AppData\Local\Programs\AdoptOpenJDK\jdk-11.0.8.10-hotspot\bin;C:\Users\Rori\AppData\Local\Microsoft\WindowsApps;C:\Users\Rori\AppData\Local\Programs\Microsoft VS Code\bin;C:\Users\Rori\AppData\Local\GitHubDesktop\bin;C:\Users\Rori\Desktop\php-8.0.3-Win32-vs16-x64;D:\maven\apache-maven-3.8.3\bin;C:\Program Files\Java\jdk1.8.0_202\bin;C:\Users\Rori\.dotnet\tools;C:\Users\Rori\AppData\Roaming\npm
USERNAME=Rori
OS=Windows_NT
PROCESSOR_IDENTIFIER=Intel64 Family 6 Model 94 Stepping 3, GenuineIntel



---------------  S Y S T E M  ---------------

OS: Windows 10.0 , 64 bit Build 19041 (10.0.19041.1348)

CPU:total 8 (initial active 8) (4 cores per cpu, 2 threads per core) family 6 model 94 stepping 3, cmov, cx8, fxsr, mmx, sse, sse2, sse3, ssse3, sse4.1, sse4.2, popcnt, avx, avx2, aes, clmul, erms, rtm, 3dnowpref, lzcnt, ht, tsc, tscinvbit, bmi1, bmi2, adx

Memory: 4k page, physical 8278804k(1345680k free), swap 8278804k(5416k free)

vm_info: Java HotSpot(TM) 64-Bit Server VM (25.241-b07) for windows-amd64 JRE (1.8.0_241-b07), built on Dec 11 2019 10:21:40 by "rejava" with MS VC++ 10.0 (VS2010)

time: Mon Jan 03 20:16:12 2022
timezone: GTB Standard Time
elapsed time: 2 seconds (0d 0h 0m 2s)

